[debug] [2024-01-16T18:14:25.780Z] ----------------------------------------------------------------------
[debug] [2024-01-16T18:14:25.783Z] Command:       C:\Program Files\nodejs\node.exe C:\Users\Lordb\AppData\Roaming\npm\node_modules\firebase-tools\lib\bin\firebase.js init hosting
[debug] [2024-01-16T18:14:25.783Z] CLI Version:   13.0.3
[debug] [2024-01-16T18:14:25.783Z] Platform:      win32
[debug] [2024-01-16T18:14:25.783Z] Node Version:  v20.9.0
[debug] [2024-01-16T18:14:25.784Z] Time:          Tue Jan 16 2024 19:14:25 GMT+0100 (Ora standard dell’Europa centrale)
[debug] [2024-01-16T18:14:25.784Z] ----------------------------------------------------------------------
[debug] 
[debug] [2024-01-16T18:14:25.849Z] > command requires scopes: ["email","openid","https://www.googleapis.com/auth/cloudplatformprojects.readonly","https://www.googleapis.com/auth/firebase","https://www.googleapis.com/auth/cloud-platform"]
[debug] [2024-01-16T18:14:25.849Z] > authorizing via signed-in user (peppe.barresi1@gmail.com)
[info] 
     ######## #### ########  ######## ########     ###     ######  ########
     ##        ##  ##     ## ##       ##     ##  ##   ##  ##       ##
     ######    ##  ########  ######   ########  #########  ######  ######
     ##        ##  ##    ##  ##       ##     ## ##     ##       ## ##
     ##       #### ##     ## ######## ########  ##     ##  ######  ########

You're about to initialize a Firebase project in this directory:

  C:\Users\Lordb\OneDrive\Desktop\Progetti personale\Gestionale Paolo\gestionalePaolo

Before we get started, keep in mind:

  * You are initializing within an existing Firebase project directory

[info] 
=== Project Setup
[info] 
[info] First, let's associate this project directory with a Firebase project.
[info] You can create multiple project aliases by running firebase use --add, 
[info] but for now we'll just set up a default project.
[info] 
[debug] [2024-01-16T18:14:28.852Z] Using project from CLI flag: progetto-paolo
[debug] [2024-01-16T18:14:28.854Z] >>> [apiv2][query] GET https://firebase.googleapis.com/v1beta1/projects/progetto-paolo [none]
[debug] [2024-01-16T18:14:29.356Z] <<< [apiv2][status] GET https://firebase.googleapis.com/v1beta1/projects/progetto-paolo 200
[debug] [2024-01-16T18:14:29.356Z] <<< [apiv2][body] GET https://firebase.googleapis.com/v1beta1/projects/progetto-paolo {"projectId":"progetto-paolo","projectNumber":"697995892227","displayName":"Progetto-Paolo","name":"projects/progetto-paolo","resources":{"hostingSite":"progetto-paolo"},"state":"ACTIVE","etag":"1_84d1c71b-3ff0-498d-963e-6475494c7a44"}
[info] i  Using project progetto-paolo (Progetto-Paolo) 
[info] 
=== Hosting Setup
[debug] [2024-01-16T18:14:29.363Z] >>> [apiv2][query] GET https://firebase.googleapis.com/v1beta1/projects/progetto-paolo [none]
[debug] [2024-01-16T18:14:29.555Z] <<< [apiv2][status] GET https://firebase.googleapis.com/v1beta1/projects/progetto-paolo 200
[debug] [2024-01-16T18:14:29.555Z] <<< [apiv2][body] GET https://firebase.googleapis.com/v1beta1/projects/progetto-paolo {"projectId":"progetto-paolo","projectNumber":"697995892227","displayName":"Progetto-Paolo","name":"projects/progetto-paolo","resources":{"hostingSite":"progetto-paolo"},"state":"ACTIVE","etag":"1_84d1c71b-3ff0-498d-963e-6475494c7a44"}
[info] 
[info] Your public directory is the folder (relative to your project directory) that
[info] will contain Hosting assets to be uploaded with firebase deploy. If you
[info] have a build process for your assets, use your build's output directory.
[info] 
[debug] [2024-01-16T18:14:38.046Z] >>> [apiv2][query] GET https://www.gstatic.com/firebasejs/releases.json [none]
[debug] [2024-01-16T18:14:38.162Z] <<< [apiv2][status] GET https://www.gstatic.com/firebasejs/releases.json 200
[debug] [2024-01-16T18:14:38.162Z] <<< [apiv2][body] GET https://www.gstatic.com/firebasejs/releases.json {"current":{"version":"10.7.1","browserURL":"https://www.gstatic.com/firebasejs/10.7.1/firebase.js","packageURL":"https://www.gstatic.com/firebasejs/10.7.1/firebase.tgz"},"live":{"version":"10.7","browserURL":"https://www.gstatic.com/firebasejs/live/10.7/firebase.js","packageURL":"https://www.gstatic.com/firebasejs/live/10.7/firebase.tgz"},"components":{"analytics":"https://www.gstatic.com/firebasejs/10.7.1/firebase-analytics.js","app":"https://www.gstatic.com/firebasejs/10.7.1/firebase-app.js","app-check":"https://www.gstatic.com/firebasejs/10.7.1/firebase-app-check.js","auth":"https://www.gstatic.com/firebasejs/10.7.1/firebase-auth.js","auth/cordova":"https://www.gstatic.com/firebasejs/10.7.1/firebase-auth/cordova.js","functions":"https://www.gstatic.com/firebasejs/10.7.1/firebase-functions.js","firestore":"https://www.gstatic.com/firebasejs/10.7.1/firebase-firestore.js","firestore/lite":"https://www.gstatic.com/firebasejs/10.7.1/firebase-firestore/lite.js","installations":"https://www.gstatic.com/firebasejs/10.7.1/firebase-installations.js","storage":"https://www.gstatic.com/firebasejs/10.7.1/firebase-storage.js","performance":"https://www.gstatic.com/firebasejs/10.7.1/firebase-performance.js","remote-config":"https://www.gstatic.com/firebasejs/10.7.1/firebase-remote-config.js","messaging":"https://www.gstatic.com/firebasejs/10.7.1/firebase-messaging.js","messaging/sw":"https://www.gstatic.com/firebasejs/10.7.1/firebase-messaging/sw.js","database":"https://www.gstatic.com/firebasejs/10.7.1/firebase-database.js","firestore.memory":"https://www.gstatic.com/firebasejs/10.7.1/firebase-firestore.memory.js"}}
[info] +  Wrote public/index.html 
[info] 
[info] i  Detected a .git folder at C:\Users\Lordb\OneDrive\Desktop\Progetti personale\Gestionale Paolo\gestionalePaolo 
[info] i  Authorizing with GitHub to upload your service account to a GitHub repository's secrets store. 
[info] 
[info] Visit this URL on this device to log in:
[info] https://github.com/login/oauth/authorize?client_id=89cf50f02ac6aaed3484&state=753980414&redirect_uri=http%3A%2F%2Flocalhost%3A9005&scope=read%3Auser%20repo%20public_repo
[info] 
[info] Waiting for authentication...
[debug] [2024-01-16T18:14:51.544Z] >>> [apiv2][query] POST https://github.com/login/oauth/access_token [none]
[debug] [2024-01-16T18:14:51.545Z] >>> [apiv2][body] POST https://github.com/login/oauth/access_token [stream]
[debug] [2024-01-16T18:14:51.858Z] <<< [apiv2][status] POST https://github.com/login/oauth/access_token 200
[debug] [2024-01-16T18:14:51.858Z] <<< [apiv2][body] POST https://github.com/login/oauth/access_token {"access_token":"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","token_type":"bearer","scope":"read:user,repo"}
[debug] [2024-01-16T18:14:51.864Z] >>> [apiv2][query] GET https://api.github.com/user [none]
[debug] [2024-01-16T18:14:52.225Z] <<< [apiv2][status] GET https://api.github.com/user 200
[debug] [2024-01-16T18:14:52.225Z] <<< [apiv2][body] GET https://api.github.com/user {"login":"GiuseppeBarresi98","id":145044894,"node_id":"U_kgDOCKU1ng","avatar_url":"https://avatars.githubusercontent.com/u/145044894?v=4","gravatar_id":"","url":"https://api.github.com/users/GiuseppeBarresi98","html_url":"https://github.com/GiuseppeBarresi98","followers_url":"https://api.github.com/users/GiuseppeBarresi98/followers","following_url":"https://api.github.com/users/GiuseppeBarresi98/following{/other_user}","gists_url":"https://api.github.com/users/GiuseppeBarresi98/gists{/gist_id}","starred_url":"https://api.github.com/users/GiuseppeBarresi98/starred{/owner}{/repo}","subscriptions_url":"https://api.github.com/users/GiuseppeBarresi98/subscriptions","organizations_url":"https://api.github.com/users/GiuseppeBarresi98/orgs","repos_url":"https://api.github.com/users/GiuseppeBarresi98/repos","events_url":"https://api.github.com/users/GiuseppeBarresi98/events{/privacy}","received_events_url":"https://api.github.com/users/GiuseppeBarresi98/received_events","type":"User","site_admin":false,"name":null,"company":null,"blog":"","location":null,"email":null,"hireable":null,"bio":null,"twitter_username":null,"public_repos":52,"public_gists":0,"followers":0,"following":0,"created_at":"2023-09-14T16:16:14Z","updated_at":"2024-01-08T17:10:29Z","private_gists":0,"total_private_repos":1,"owned_private_repos":1,"disk_usage":22029,"collaborators":0,"two_factor_authentication":false,"plan":{"name":"free","space":976562499,"collaborators":0,"private_repos":10000}}
[info] 
[info] +  Success! Logged into GitHub as GiuseppeBarresi98 
[info] 
[debug] [2024-01-16T18:15:03.341Z] >>> [apiv2][query] GET https://api.github.com/repos//actions/secrets/public-key type=owner
[debug] [2024-01-16T18:15:03.552Z] <<< [apiv2][status] GET https://api.github.com/repos//actions/secrets/public-key 404
[debug] [2024-01-16T18:15:03.552Z] <<< [apiv2][body] GET https://api.github.com/repos//actions/secrets/public-key {"message":"Not Found","documentation_url":"https://docs.github.com/rest"}
[info] 
[info] 
[error] !  The provided authorization cannot be used with this repository. If this repository is in an organization, did you remember to grant access? 
[info] 
[info] i  Action required: Visit this URL to ensure access has been granted to the appropriate organization(s) for the Firebase CLI GitHub OAuth App: 
[info] https://github.com/settings/connections/applications/89cf50f02ac6aaed3484
[info] 
[debug] [2024-01-16T18:15:12.163Z] >>> [apiv2][query] GET https://api.github.com/repos/repository/actions/secrets/public-key type=owner
[debug] [2024-01-16T18:15:12.392Z] <<< [apiv2][status] GET https://api.github.com/repos/repository/actions/secrets/public-key 404
[debug] [2024-01-16T18:15:12.392Z] <<< [apiv2][body] GET https://api.github.com/repos/repository/actions/secrets/public-key {"message":"Not Found","documentation_url":"https://docs.github.com/rest"}
[info] 
[info] 
[error] !  The provided authorization cannot be used with this repository. If this repository is in an organization, did you remember to grant access? 
[info] 
[info] i  Action required: Visit this URL to ensure access has been granted to the appropriate organization(s) for the Firebase CLI GitHub OAuth App: 
[info] https://github.com/settings/connections/applications/89cf50f02ac6aaed3484
[info] 
[debug] [2024-01-16T18:15:13.478Z] >>> [apiv2][query] GET https://api.github.com/repos/repository/actions/secrets/public-key type=owner
[debug] [2024-01-16T18:15:13.642Z] <<< [apiv2][status] GET https://api.github.com/repos/repository/actions/secrets/public-key 404
[debug] [2024-01-16T18:15:13.642Z] <<< [apiv2][body] GET https://api.github.com/repos/repository/actions/secrets/public-key {"message":"Not Found","documentation_url":"https://docs.github.com/rest"}
[info] 
[info] 
[error] !  The provided authorization cannot be used with this repository. If this repository is in an organization, did you remember to grant access? 
[info] 
[info] i  Action required: Visit this URL to ensure access has been granted to the appropriate organization(s) for the Firebase CLI GitHub OAuth App: 
[info] https://github.com/settings/connections/applications/89cf50f02ac6aaed3484
[info] 
[debug] [2024-01-16T18:15:20.411Z] >>> [apiv2][query] GET https://api.github.com/repos/y/actions/secrets/public-key type=owner
[debug] [2024-01-16T18:15:20.632Z] <<< [apiv2][status] GET https://api.github.com/repos/y/actions/secrets/public-key 404
[debug] [2024-01-16T18:15:20.632Z] <<< [apiv2][body] GET https://api.github.com/repos/y/actions/secrets/public-key {"message":"Not Found","documentation_url":"https://docs.github.com/rest"}
[info] 
[info] 
[error] !  The provided authorization cannot be used with this repository. If this repository is in an organization, did you remember to grant access? 
[info] 
[info] i  Action required: Visit this URL to ensure access has been granted to the appropriate organization(s) for the Firebase CLI GitHub OAuth App: 
[info] https://github.com/settings/connections/applications/89cf50f02ac6aaed3484
[info] 
[debug] [2024-01-16T18:16:00.204Z] >>> [apiv2][query] GET https://api.github.com/repos/gestionalePaolo/actions/secrets/public-key type=owner
[debug] [2024-01-16T18:16:00.478Z] <<< [apiv2][status] GET https://api.github.com/repos/gestionalePaolo/actions/secrets/public-key 404
[debug] [2024-01-16T18:16:00.478Z] <<< [apiv2][body] GET https://api.github.com/repos/gestionalePaolo/actions/secrets/public-key {"message":"Not Found","documentation_url":"https://docs.github.com/rest"}
[info] 
[info] 
[error] !  The provided authorization cannot be used with this repository. If this repository is in an organization, did you remember to grant access? 
[info] 
[info] i  Action required: Visit this URL to ensure access has been granted to the appropriate organization(s) for the Firebase CLI GitHub OAuth App: 
[info] https://github.com/settings/connections/applications/89cf50f02ac6aaed3484
[info] 
[debug] [2024-01-16T18:18:43.167Z] >>> [apiv2][query] GET https://api.github.com/repos/gestionalePaolo/actions/secrets/public-key type=owner
[debug] [2024-01-16T18:18:43.472Z] <<< [apiv2][status] GET https://api.github.com/repos/gestionalePaolo/actions/secrets/public-key 404
[debug] [2024-01-16T18:18:43.472Z] <<< [apiv2][body] GET https://api.github.com/repos/gestionalePaolo/actions/secrets/public-key {"message":"Not Found","documentation_url":"https://docs.github.com/rest"}
[info] 
[info] 
[error] !  The provided authorization cannot be used with this repository. If this repository is in an organization, did you remember to grant access? 
[info] 
[info] i  Action required: Visit this URL to ensure access has been granted to the appropriate organization(s) for the Firebase CLI GitHub OAuth App: 
[info] https://github.com/settings/connections/applications/89cf50f02ac6aaed3484
[info] 
[debug] [2024-01-16T18:21:05.824Z] >>> [apiv2][query] GET https://api.github.com/repos/gestionalePaolo/actions/secrets/public-key type=owner
[debug] [2024-01-16T18:21:06.084Z] <<< [apiv2][status] GET https://api.github.com/repos/gestionalePaolo/actions/secrets/public-key 404
[debug] [2024-01-16T18:21:06.084Z] <<< [apiv2][body] GET https://api.github.com/repos/gestionalePaolo/actions/secrets/public-key {"message":"Not Found","documentation_url":"https://docs.github.com/rest"}
[info] 
[info] 
[error] !  The provided authorization cannot be used with this repository. If this repository is in an organization, did you remember to grant access? 
[info] 
[info] i  Action required: Visit this URL to ensure access has been granted to the appropriate organization(s) for the Firebase CLI GitHub OAuth App: 
[info] https://github.com/settings/connections/applications/89cf50f02ac6aaed3484
[info] 
[debug] [2024-01-16T18:21:06.243Z] >>> [apiv2][query] GET https://api.github.com/repos/gestionalePaolo/actions/secrets/public-key type=owner
[debug] [2024-01-16T18:21:06.398Z] <<< [apiv2][status] GET https://api.github.com/repos/gestionalePaolo/actions/secrets/public-key 404
[debug] [2024-01-16T18:21:06.398Z] <<< [apiv2][body] GET https://api.github.com/repos/gestionalePaolo/actions/secrets/public-key {"message":"Not Found","documentation_url":"https://docs.github.com/rest"}
[info] 
[info] 
[error] !  The provided authorization cannot be used with this repository. If this repository is in an organization, did you remember to grant access? 
[info] 
[info] i  Action required: Visit this URL to ensure access has been granted to the appropriate organization(s) for the Firebase CLI GitHub OAuth App: 
[info] https://github.com/settings/connections/applications/89cf50f02ac6aaed3484
[info] 
